{
  "RSpec": {
    "coverage": {
      "C:/Users/benja/Documents/Shared with VirtualBox/Classes/rooble/lib/rooble.rb": [
        1,
        1,
        1,
        1,
        1,
        null,
        null,
        null,
        1,
        1
      ],
      "C:/Users/benja/Documents/Shared with VirtualBox/Classes/rooble/lib/rooble/converter.rb": [
        1,
        1,
        null,
        1,
        1,
        null,
        1,
        1,
        null,
        1,
        1,
        0,
        null,
        null,
        1,
        0,
        null,
        null
      ],
      "C:/Users/benja/Documents/Shared with VirtualBox/Classes/rooble/lib/rooble/account_manager.rb": [
        null,
        null,
        null,
        null,
        null,
        null,
        null,
        null,
        null,
        null,
        1,
        1,
        12,
        6,
        null,
        1,
        7,
        null,
        1,
        null,
        6,
        6,
        null,
        0,
        null,
        6,
        null,
        null
      ],
      "C:/Users/benja/Documents/Shared with VirtualBox/Classes/rooble/lib/rooble/accounts.rb": [
        null,
        1,
        1,
        null,
        1,
        null,
        1,
        6,
        6,
        6,
        12,
        null,
        null,
        null,
        1,
        1,
        3,
        3,
        null,
        null,
        null,
        1,
        1,
        3,
        3,
        null,
        null,
        null,
        1,
        1,
        0,
        0,
        null,
        null
      ],
      "C:/Users/benja/Documents/Shared with VirtualBox/Classes/rooble/lib/rooble/client.rb": [
        null,
        null,
        null,
        null,
        null,
        null,
        null,
        null,
        null,
        1,
        1,
        null,
        1,
        1,
        null,
        1,
        4,
        4,
        4,
        null,
        4,
        7,
        6,
        6,
        null,
        0,
        0,
        null,
        null,
        null,
        null,
        null,
        1,
        3,
        null,
        1,
        3,
        null,
        1,
        0,
        null,
        null
      ],
      "C:/Users/benja/Documents/Shared with VirtualBox/Classes/rooble/spec/accounts_spec.rb": [
        1,
        null,
        1,
        null,
        4,
        4,
        1,
        3,
        null,
        null,
        3,
        null,
        null,
        null,
        1,
        1,
        1,
        1,
        null,
        null,
        1,
        1,
        1,
        null,
        null,
        1,
        1,
        4,
        1,
        null,
        1,
        4,
        2,
        null,
        null,
        null
      ],
      "C:/Users/benja/Documents/Shared with VirtualBox/Classes/rooble/spec/factories.rb": [
        1,
        1,
        null,
        null
      ]
    },
    "timestamp": 1533167590
  }
}
