{
  "RSpec": {
    "coverage": {
      "C:/Users/benja/Documents/Shared with VirtualBox/Classes/rooble/lib/rooble.rb": [
        1,
        1,
        1,
        1,
        null,
        null,
        1,
        1
      ],
      "C:/Users/benja/Documents/Shared with VirtualBox/Classes/rooble/lib/rooble/account_manager.rb": [
        null,
        null,
        null,
        null,
        null,
        null,
        null,
        null,
        null,
        null,
        1,
        1,
        4,
        2,
        null,
        1,
        2,
        null,
        0,
        null,
        1,
        1,
        null,
        1,
        null,
        2,
        null,
        null
      ],
      "C:/Users/benja/Documents/Shared with VirtualBox/Classes/rooble/lib/rooble/accounts.rb": [
        null,
        1,
        1,
        1,
        2,
        2,
        2,
        2,
        4,
        null,
        1,
        null,
        null,
        1,
        1,
        1,
        null,
        null,
        null,
        1,
        1,
        1,
        null,
        null,
        null,
        1,
        1,
        0,
        null,
        null
      ],
      "C:/Users/benja/Documents/Shared with VirtualBox/Classes/rooble/lib/rooble/client.rb": [
        null,
        null,
        null,
        null,
        1,
        1,
        null,
        1,
        1,
        1,
        1,
        1,
        1,
        null,
        1,
        2,
        2,
        2,
        null,
        0,
        0,
        null,
        null,
        null,
        null,
        null,
        1,
        1,
        null,
        1,
        1,
        null,
        1,
        1,
        null,
        1,
        0,
        null,
        null
      ],
      "C:/Users/benja/Documents/Shared with VirtualBox/Classes/rooble/spec/rooble_spec.rb": [
        1,
        null,
        1,
        null,
        1,
        1,
        null,
        1,
        1,
        1,
        1,
        1,
        null,
        1,
        1,
        1,
        null,
        1,
        1,
        null,
        null,
        null
      ]
    },
    "timestamp": 1532224997
  }
}
